<?xml version="1.0" encoding="UTF-8"?>
<!-- Generated by org.testng.reporters.JUnitXMLReporter -->
<testsuite ignored="4" hostname="DESKTOP-5NM3FLE" failures="5" tests="5" name="Default test(failed)" time="0.763" errors="0" timestamp="2024-04-06T15:50:00 ICT">
  <testcase classname="TestNGDAO.TestDonHangChiTietDAO" name="testDeleteWithEmptyModel" time="0.551">
    <failure type="java.lang.AssertionError" message="Phương thức delete không ném ra ngoại lệ với mã đơn hàng rỗng.">
      <![CDATA[java.lang.AssertionError: Phương thức delete không ném ra ngoại lệ với mã đơn hàng rỗng.
at TestNGDAO.TestDonHangChiTietDAO.testDeleteWithEmptyModel(TestDonHangChiTietDAO.java:139)
at java.base/java.util.ArrayList.forEach(ArrayList.java:1596)
... Removed 26 stack frames]]>
    </failure>
  </testcase> <!-- testDeleteWithEmptyModel -->
  <testcase classname="TestNGDAO.TestDonHangChiTietDAO" name="testInsertWithValidModel" time="0.05">
    <failure type="java.lang.AssertionError" message="Phương thức insert ném ra ngoại lệ với đối tượng hợp lệ.">
      <![CDATA[java.lang.AssertionError: Phương thức insert ném ra ngoại lệ với đối tượng hợp lệ.
at TestNGDAO.TestDonHangChiTietDAO.testInsertWithValidModel(TestDonHangChiTietDAO.java:69)
at java.base/java.util.ArrayList.forEach(ArrayList.java:1596)
... Removed 26 stack frames]]>
    </failure>
  </testcase> <!-- testInsertWithValidModel -->
  <testcase classname="TestNGDAO.TestDonHangChiTietDAO" name="testDeleteWithNullModel" time="0.028">
    <failure type="java.lang.AssertionError" message="Phương thức delete không ném ra ngoại lệ NullPointerException với mã đơn hàng null.">
      <![CDATA[java.lang.AssertionError: Phương thức delete không ném ra ngoại lệ NullPointerException với mã đơn hàng null.
at TestNGDAO.TestDonHangChiTietDAO.testDeleteWithNullModel(TestDonHangChiTietDAO.java:126)
at java.base/java.util.ArrayList.forEach(ArrayList.java:1596)
... Removed 26 stack frames]]>
    </failure>
  </testcase> <!-- testDeleteWithNullModel -->
  <testcase classname="TestNGDAO.TestDonHangChiTietDAO" name="testUpdateWithEmptyModel" time="0.036">
    <failure type="java.lang.AssertionError" message="Phương thức update không ném ra ngoại lệ với đối tượng rỗng.">
      <![CDATA[java.lang.AssertionError: Phương thức update không ném ra ngoại lệ với đối tượng rỗng.
at TestNGDAO.TestDonHangChiTietDAO.testUpdateWithEmptyModel(TestDonHangChiTietDAO.java:92)
at java.base/java.util.ArrayList.forEach(ArrayList.java:1596)
... Removed 26 stack frames]]>
    </failure>
  </testcase> <!-- testUpdateWithEmptyModel -->
  <testcase classname="TestNGDAO.TestDonHangChiTietDAO" name="testDeleteWithValidModel" time="0.034">
    <failure type="java.lang.AssertionError" message="Phương thức delete ném ra ngoại lệ với mã đơn hàng hợp lệ.">
      <![CDATA[java.lang.AssertionError: Phương thức delete ném ra ngoại lệ với mã đơn hàng hợp lệ.
at TestNGDAO.TestDonHangChiTietDAO.testDeleteWithValidModel(TestDonHangChiTietDAO.java:158)
at java.base/java.util.ArrayList.forEach(ArrayList.java:1596)
... Removed 26 stack frames]]>
    </failure>
  </testcase> <!-- testDeleteWithValidModel -->
  <testcase classname="TestNGDAO.TestDonHangChiTietDAO" name="testInsertWithNullModel" time="0.0">
    <ignored/>
  </testcase> <!-- testInsertWithNullModel -->
  <testcase classname="TestNGDAO.TestDonHangChiTietDAO" name="testUpdateWithNullModel" time="0.0">
    <ignored/>
  </testcase> <!-- testUpdateWithNullModel -->
  <testcase classname="TestNGDAO.TestDonHangChiTietDAO" name="testInsertWithEmptyModel" time="0.0">
    <ignored/>
  </testcase> <!-- testInsertWithEmptyModel -->
  <testcase classname="TestNGDAO.TestDonHangChiTietDAO" name="testUpdateWithValidModel" time="0.0">
    <ignored/>
  </testcase> <!-- testUpdateWithValidModel -->
</testsuite> <!-- Default test(failed) -->
