<?xml version="1.0" encoding="UTF-8"?>
<!-- Generated by org.testng.reporters.JUnitXMLReporter -->
<testsuite ignored="0" hostname="DESKTOP-5NM3FLE" failures="0" tests="13" name="Default test" time="0.91" errors="0" timestamp="2024-04-09T19:42:55 ICT">
  <testcase classname="TestNGDAO.TestSanPhamDAO" name="testDeleteWithEmptyModel" time="0.416"/>
  <testcase classname="TestNGDAO.TestSanPhamDAO" name="testDeleteWithNullModel" time="0.029"/>
  <testcase classname="TestNGDAO.TestSanPhamDAO" name="testDeleteWithValidModel" time="0.026"/>
  <testcase classname="TestNGDAO.TestSanPhamDAO" name="testInsertWithEmptyModel" time="0.096"/>
  <testcase classname="TestNGDAO.TestSanPhamDAO" name="testInsertWithNullModel" time="0.035"/>
  <testcase classname="TestNGDAO.TestSanPhamDAO" name="testInsertWithValidModel" time="0.027"/>
  <testcase classname="TestNGDAO.TestSanPhamDAO" name="testSelectAll" time="0.023"/>
  <testcase classname="TestNGDAO.TestSanPhamDAO" name="testSelectById" time="0.022"/>
  <testcase classname="TestNGDAO.TestSanPhamDAO" name="testSelectByTenSP" time="0.022"/>
  <testcase classname="TestNGDAO.TestSanPhamDAO" name="testTimKiemByMaSPOrTenSP" time="0.023"/>
  <testcase classname="TestNGDAO.TestSanPhamDAO" name="testUpdateWithEmptyModel" time="0.045"/>
  <testcase classname="TestNGDAO.TestSanPhamDAO" name="testUpdateWithNullModel" time="0.02"/>
  <testcase classname="TestNGDAO.TestSanPhamDAO" name="testUpdateWithValidModel" time="0.041"/>
</testsuite> <!-- Default test -->
