<?xml version="1.0" encoding="UTF-8"?>
<!-- Generated by org.testng.reporters.JUnitXMLReporter -->
<testsuite ignored="0" hostname="DESKTOP-5NM3FLE" failures="1" tests="114" name="Test" time="2.546" errors="0" timestamp="2024-04-09T19:43:40 ICT">
  <testcase classname="ShopQuanLyAoQuan.entity.test.DonHangTest" name="getGhiChuTest" time="0.014"/>
  <testcase classname="ShopQuanLyAoQuan.entity.test.DonHangTest" name="getMaDHTest" time="0.001"/>
  <testcase classname="ShopQuanLyAoQuan.entity.test.DonHangTest" name="getMaKHTest" time="0.001"/>
  <testcase classname="ShopQuanLyAoQuan.entity.test.DonHangTest" name="getMaNVTest" time="0.002"/>
  <testcase classname="ShopQuanLyAoQuan.entity.test.DonHangTest" name="getNgayLapTest" time="0.001"/>
  <testcase classname="ShopQuanLyAoQuan.entity.test.DonHangTest" name="getTongTienTest" time="0.001"/>
  <testcase classname="ShopQuanLyAoQuan.entity.test.DonHangTest" name="setGhiChuTest" time="0.001"/>
  <testcase classname="ShopQuanLyAoQuan.entity.test.DonHangTest" name="setMaDHTest" time="0.001"/>
  <testcase classname="ShopQuanLyAoQuan.entity.test.DonHangTest" name="setMaKHTest" time="0.0"/>
  <testcase classname="ShopQuanLyAoQuan.entity.test.DonHangTest" name="setMaNVTest" time="0.0"/>
  <testcase classname="ShopQuanLyAoQuan.entity.test.DonHangTest" name="setNgayLapTest" time="0.002"/>
  <testcase classname="ShopQuanLyAoQuan.entity.test.DonHangTest" name="setNgayLap_withInvalidDate" time="0.0"/>
  <testcase classname="ShopQuanLyAoQuan.entity.test.DonHangTest" name="setTongTienTest" time="0.002"/>
  <testcase classname="TestNGDAO.TestPhanLoaiSanPhamDAO" name="testDeleteWithEmptyModel" time="0.449"/>
  <testcase classname="TestNGDAO.TestPhanLoaiSanPhamDAO" name="testDeleteWithNullModel" time="0.026"/>
  <testcase classname="TestNGDAO.TestPhanLoaiSanPhamDAO" name="testDeleteWithValidModel" time="0.037"/>
  <testcase classname="TestNGDAO.TestPhanLoaiSanPhamDAO" name="testInsertWithEmptyModel" time="0.003"/>
  <testcase classname="TestNGDAO.TestPhanLoaiSanPhamDAO" name="testInsertWithNullModel" time="0.023"/>
  <testcase classname="TestNGDAO.TestPhanLoaiSanPhamDAO" name="testInsertWithValidModel" time="0.083"/>
  <testcase classname="TestNGDAO.TestPhanLoaiSanPhamDAO" name="testMaLoaiExists" time="0.03"/>
  <testcase classname="TestNGDAO.TestPhanLoaiSanPhamDAO" name="testSelectAll" time="0.023"/>
  <testcase classname="TestNGDAO.TestPhanLoaiSanPhamDAO" name="testSelectById" time="0.02"/>
  <testcase classname="TestNGDAO.TestPhanLoaiSanPhamDAO" name="testTenLoaiExists" time="0.021"/>
  <testcase classname="TestNGDAO.TestPhanLoaiSanPhamDAO" name="testUpdateWithEmptyModel" time="0.002"/>
  <testcase classname="TestNGDAO.TestPhanLoaiSanPhamDAO" name="testUpdateWithNullModel" time="0.022"/>
  <testcase classname="TestNGDAO.TestPhanLoaiSanPhamDAO" name="testUpdateWithValidModel" time="0.044"/>
  <testcase classname="TestNGDAO.TestSanPhamDAO" name="testDeleteWithEmptyModel" time="0.022"/>
  <testcase classname="TestNGDAO.TestSanPhamDAO" name="testDeleteWithNullModel" time="0.019"/>
  <testcase classname="TestNGDAO.TestSanPhamDAO" name="testDeleteWithValidModel" time="0.019"/>
  <testcase classname="TestNGDAO.TestSanPhamDAO" name="testInsertWithEmptyModel" time="0.05"/>
  <testcase classname="TestNGDAO.TestSanPhamDAO" name="testInsertWithNullModel" time="0.039"/>
  <testcase classname="TestNGDAO.TestSanPhamDAO" name="testInsertWithValidModel" time="0.02"/>
  <testcase classname="TestNGDAO.TestSanPhamDAO" name="testSelectAll" time="0.018"/>
  <testcase classname="TestNGDAO.TestSanPhamDAO" name="testSelectById" time="0.02"/>
  <testcase classname="TestNGDAO.TestSanPhamDAO" name="testSelectByTenSP" time="0.019"/>
  <testcase classname="TestNGDAO.TestSanPhamDAO" name="testTimKiemByMaSPOrTenSP" time="0.019"/>
  <testcase classname="TestNGDAO.TestSanPhamDAO" name="testUpdateWithEmptyModel" time="0.041"/>
  <testcase classname="TestNGDAO.TestSanPhamDAO" name="testUpdateWithNullModel" time="0.019"/>
  <testcase classname="TestNGDAO.TestSanPhamDAO" name="testUpdateWithValidModel" time="0.037"/>
  <testcase classname="TestNGDAO.TestDonHangDAO" name="testDeleteWithEmptyModel" time="0.021"/>
  <testcase classname="TestNGDAO.TestDonHangDAO" name="testDeleteWithNullModel" time="0.018"/>
  <testcase classname="TestNGDAO.TestDonHangDAO" name="testDeleteWithValidModel" time="0.023"/>
  <testcase classname="TestNGDAO.TestDonHangDAO" name="testInsertWithEmptyModel" time="0.002"/>
  <testcase classname="TestNGDAO.TestDonHangDAO" name="testInsertWithNullModel" time="0.026"/>
  <testcase classname="TestNGDAO.TestDonHangDAO" name="testInsertWithValidModel" time="0.038"/>
  <testcase classname="TestNGDAO.TestDonHangDAO" name="testSelectAll" time="0.018"/>
  <testcase classname="TestNGDAO.TestDonHangDAO" name="testSelectById" time="0.018"/>
  <testcase classname="TestNGDAO.TestDonHangDAO" name="testSelectBySql" time="0.018"/>
  <testcase classname="TestNGDAO.TestDonHangDAO" name="testSelectDay" time="0.019"/>
  <testcase classname="TestNGDAO.TestDonHangDAO" name="testSelectMonth" time="0.018"/>
  <testcase classname="TestNGDAO.TestDonHangDAO" name="testSelectNhanVienByMaDH" time="0.019"/>
  <testcase classname="TestNGDAO.TestDonHangDAO" name="testSelectNhanVienByMaNV" time="0.022">
    <failure type="java.lang.RuntimeException" message="com.microsoft.sqlserver.jdbc.SQLServerException: The column name MaDH is not valid.">
      <![CDATA[java.lang.RuntimeException: com.microsoft.sqlserver.jdbc.SQLServerException: The column name MaDH is not valid.
at ShopQuanLyAoQuan.dao.DonHangDAO.selectBySql(DonHangDAO.java:78)
at ShopQuanLyAoQuan.dao.DonHangDAO.selectNhanVienByMaNV(DonHangDAO.java:83)
at TestNGDAO.TestDonHangDAO.testSelectNhanVienByMaNV(TestDonHangDAO.java:208)
at java.base/java.util.ArrayList.forEach(ArrayList.java:1596)
Caused by: com.microsoft.sqlserver.jdbc.SQLServerException: The column name MaDH is not valid.
at com.microsoft.sqlserver.jdbc.SQLServerException.makeFromDriverError(SQLServerException.java:233)
at com.microsoft.sqlserver.jdbc.SQLServerResultSet.findColumn(SQLServerResultSet.java:748)
at com.microsoft.sqlserver.jdbc.SQLServerResultSet.getString(SQLServerResultSet.java:2582)
at ShopQuanLyAoQuan.dao.DonHangDAO.selectBySql(DonHangDAO.java:69)
... 28 more
... Removed 25 stack frames]]>
    </failure>
  </testcase> <!-- testSelectNhanVienByMaNV -->
  <testcase classname="TestNGDAO.TestDonHangDAO" name="testSelectYear" time="0.02"/>
  <testcase classname="TestNGDAO.TestDonHangDAO" name="testUpdateWithEmptyModel" time="0.002"/>
  <testcase classname="TestNGDAO.TestDonHangDAO" name="testUpdateWithNullModel" time="0.021"/>
  <testcase classname="TestNGDAO.TestDonHangDAO" name="testUpdateWithValidModel" time="0.047"/>
  <testcase classname="ShopQuanLyAoQuan.entity.test.DonHangChiTietTest" name="getDonGiaTest" time="0.002"/>
  <testcase classname="ShopQuanLyAoQuan.entity.test.DonHangChiTietTest" name="getGhiChuTest" time="0.001"/>
  <testcase classname="ShopQuanLyAoQuan.entity.test.DonHangChiTietTest" name="getMaDHCTTest" time="0.001"/>
  <testcase classname="ShopQuanLyAoQuan.entity.test.DonHangChiTietTest" name="getMaDHTest" time="0.0"/>
  <testcase classname="ShopQuanLyAoQuan.entity.test.DonHangChiTietTest" name="getMaSPTest" time="0.001"/>
  <testcase classname="ShopQuanLyAoQuan.entity.test.DonHangChiTietTest" name="getSoLuongTest" time="0.006"/>
  <testcase classname="ShopQuanLyAoQuan.entity.test.DonHangChiTietTest" name="getTotalPriceTest" time="0.004"/>
  <testcase classname="ShopQuanLyAoQuan.entity.test.DonHangChiTietTest" name="setDonGiaTestWithNegative" time="0.001"/>
  <testcase classname="ShopQuanLyAoQuan.entity.test.DonHangChiTietTest" name="setDonGiaTestWithValid" time="0.001"/>
  <testcase classname="ShopQuanLyAoQuan.entity.test.DonHangChiTietTest" name="setDonGiaTestWithZero" time="0.001"/>
  <testcase classname="ShopQuanLyAoQuan.entity.test.DonHangChiTietTest" name="setGhiChuTest" time="0.0"/>
  <testcase classname="ShopQuanLyAoQuan.entity.test.DonHangChiTietTest" name="setMaDHCTTest" time="0.001"/>
  <testcase classname="ShopQuanLyAoQuan.entity.test.DonHangChiTietTest" name="setMaDHTest" time="0.0"/>
  <testcase classname="ShopQuanLyAoQuan.entity.test.DonHangChiTietTest" name="setMaSPTest" time="0.0"/>
  <testcase classname="ShopQuanLyAoQuan.entity.test.DonHangChiTietTest" name="setSoLuongTestWithNegative" time="0.001"/>
  <testcase classname="ShopQuanLyAoQuan.entity.test.DonHangChiTietTest" name="setSoLuongTestWithValid" time="0.001"/>
  <testcase classname="ShopQuanLyAoQuan.entity.test.DonHangChiTietTest" name="setSoLuongTestWithZero" time="0.001"/>
  <testcase classname="TestNGDAO.TestKhachHangDAO" name="testDeleteWithEmptyModel" time="0.023"/>
  <testcase classname="TestNGDAO.TestKhachHangDAO" name="testDeleteWithNullModel" time="0.022"/>
  <testcase classname="TestNGDAO.TestKhachHangDAO" name="testDeleteWithValidModel" time="0.023"/>
  <testcase classname="TestNGDAO.TestKhachHangDAO" name="testInsertWithEmptyModel" time="0.002"/>
  <testcase classname="TestNGDAO.TestKhachHangDAO" name="testInsertWithNullModel" time="0.018"/>
  <testcase classname="TestNGDAO.TestKhachHangDAO" name="testInsertWithValidModel" time="0.04"/>
  <testcase classname="TestNGDAO.TestKhachHangDAO" name="testSelectAll" time="0.019"/>
  <testcase classname="TestNGDAO.TestKhachHangDAO" name="testSelectByEmail" time="0.019"/>
  <testcase classname="TestNGDAO.TestKhachHangDAO" name="testSelectById" time="0.02"/>
  <testcase classname="TestNGDAO.TestKhachHangDAO" name="testSelectBySDT" time="0.018"/>
  <testcase classname="TestNGDAO.TestKhachHangDAO" name="testTimKiemByMaKHOrHoTen" time="0.019"/>
  <testcase classname="TestNGDAO.TestKhachHangDAO" name="testUpdateWithEmptyModel" time="0.001"/>
  <testcase classname="TestNGDAO.TestKhachHangDAO" name="testUpdateWithNullModel" time="0.019"/>
  <testcase classname="TestNGDAO.TestKhachHangDAO" name="testUpdateWithValidModel" time="0.019"/>
  <testcase classname="TestNGDAO.TestDonHangChiTietDAO" name="testDeleteWithEmptyModel" time="0.017"/>
  <testcase classname="TestNGDAO.TestDonHangChiTietDAO" name="testDeleteWithNullModel" time="0.018"/>
  <testcase classname="TestNGDAO.TestDonHangChiTietDAO" name="testDeleteWithValidModel" time="0.018"/>
  <testcase classname="TestNGDAO.TestDonHangChiTietDAO" name="testInsertWithEmptyModel" time="0.018"/>
  <testcase classname="TestNGDAO.TestDonHangChiTietDAO" name="testInsertWithNullModel" time="0.019"/>
  <testcase classname="TestNGDAO.TestDonHangChiTietDAO" name="testInsertWithValidModel" time="0.046"/>
  <testcase classname="TestNGDAO.TestDonHangChiTietDAO" name="testSelectAll" time="0.02"/>
  <testcase classname="TestNGDAO.TestDonHangChiTietDAO" name="testSelectById" time="0.018"/>
  <testcase classname="TestNGDAO.TestDonHangChiTietDAO" name="testSelectByIdDH" time="0.016"/>
  <testcase classname="TestNGDAO.TestDonHangChiTietDAO" name="testUpdateWithEmptyModel" time="0.001"/>
  <testcase classname="TestNGDAO.TestDonHangChiTietDAO" name="testUpdateWithNullModel" time="0.017"/>
  <testcase classname="TestNGDAO.TestDonHangChiTietDAO" name="testUpdateWithValidModel" time="0.019"/>
  <testcase classname="TestNGDAO.TestNhanVienDAO" name="testDeleteWithEmptyModel" time="0.019"/>
  <testcase classname="TestNGDAO.TestNhanVienDAO" name="testDeleteWithNullModel" time="0.018"/>
  <testcase classname="TestNGDAO.TestNhanVienDAO" name="testDeleteWithValidModel" time="0.033"/>
  <testcase classname="TestNGDAO.TestNhanVienDAO" name="testInsertWithEmptyModel" time="0.001"/>
  <testcase classname="TestNGDAO.TestNhanVienDAO" name="testInsertWithNullModel" time="0.018"/>
  <testcase classname="TestNGDAO.TestNhanVienDAO" name="testInsertWithValidModel" time="0.018"/>
  <testcase classname="TestNGDAO.TestNhanVienDAO" name="testMaNVExists" time="0.017"/>
  <testcase classname="TestNGDAO.TestNhanVienDAO" name="testSelectAll" time="0.017"/>
  <testcase classname="TestNGDAO.TestNhanVienDAO" name="testSelectByEmail" time="0.015"/>
  <testcase classname="TestNGDAO.TestNhanVienDAO" name="testSelectById" time="0.019"/>
  <testcase classname="TestNGDAO.TestNhanVienDAO" name="testSelectBySDT" time="0.018"/>
  <testcase classname="TestNGDAO.TestNhanVienDAO" name="testTimkiemByMaNVOrTenNV" time="0.017"/>
  <testcase classname="TestNGDAO.TestNhanVienDAO" name="testUpdateWithEmptyModel" time="0.001"/>
  <testcase classname="TestNGDAO.TestNhanVienDAO" name="testUpdateWithNullModel" time="0.017"/>
  <testcase classname="TestNGDAO.TestNhanVienDAO" name="testUpdateWithValidModel" time="0.039"/>
</testsuite> <!-- Test -->
