<?xml version="1.0" encoding="UTF-8"?>
<!-- Generated by org.testng.reporters.JUnitXMLReporter -->
<testsuite ignored="6" hostname="DESKTOP-5NM3FLE" failures="9" tests="9" name="Default test(failed)(failed)" time="1.094" errors="0" timestamp="2024-04-06T12:40:33 ICT">
  <testcase classname="TestNGDAO.TestNhanVienDAOTest" name="testSelectBySDT" time="0.73">
    <failure type="java.lang.AssertionError" message="expected object to not be null">
      <![CDATA[java.lang.AssertionError: expected object to not be null
at TestNGDAO.TestNhanVienDAOTest.testSelectBySDT(TestNhanVienDAOTest.java:148)
at java.base/java.util.ArrayList.forEach(ArrayList.java:1596)
... Removed 28 stack frames]]>
    </failure>
  </testcase> <!-- testSelectBySDT -->
  <testcase classname="TestNGDAO.TestNhanVienDAOTest" name="testUpdateWithEmptyModel" time="0.04">
    <failure type="java.lang.AssertionError" message="Cập nhật với mô hình trống nên ném ra ngoại lệ">
      <![CDATA[java.lang.AssertionError: Cập nhật với mô hình trống nên ném ra ngoại lệ
at TestNGDAO.TestNhanVienDAOTest.testUpdateWithEmptyModel(TestNhanVienDAOTest.java:83)
at java.base/java.util.ArrayList.forEach(ArrayList.java:1596)
... Removed 26 stack frames]]>
    </failure>
  </testcase> <!-- testUpdateWithEmptyModel -->
  <testcase classname="TestNGDAO.TestNhanVienDAOTest" name="testMaNVExists" time="0.042">
    <failure type="java.lang.AssertionError" message="expected [true] but found [false]">
      <![CDATA[java.lang.AssertionError: expected [true] but found [false]
at TestNGDAO.TestNhanVienDAOTest.testMaNVExists(TestNhanVienDAOTest.java:154)
at java.base/java.util.ArrayList.forEach(ArrayList.java:1596)
... Removed 29 stack frames]]>
    </failure>
  </testcase> <!-- testMaNVExists -->
  <testcase classname="TestNGDAO.TestNhanVienDAOTest" name="testSelectById" time="0.033">
    <failure type="java.lang.AssertionError" message="expected object to not be null">
      <![CDATA[java.lang.AssertionError: expected object to not be null
at TestNGDAO.TestNhanVienDAOTest.testSelectById(TestNhanVienDAOTest.java:136)
at java.base/java.util.ArrayList.forEach(ArrayList.java:1596)
... Removed 28 stack frames]]>
    </failure>
  </testcase> <!-- testSelectById -->
  <testcase classname="TestNGDAO.TestNhanVienDAOTest" name="testSelectByEmail" time="0.025">
    <failure type="java.lang.AssertionError" message="expected object to not be null">
      <![CDATA[java.lang.AssertionError: expected object to not be null
at TestNGDAO.TestNhanVienDAOTest.testSelectByEmail(TestNhanVienDAOTest.java:160)
at java.base/java.util.ArrayList.forEach(ArrayList.java:1596)
... Removed 28 stack frames]]>
    </failure>
  </testcase> <!-- testSelectByEmail -->
  <testcase classname="TestNGDAO.TestNhanVienDAOTest" name="testInsertWithValidModel" time="0.03">
    <failure type="java.lang.AssertionError" message="Chèn với mô hình hợp lệ không nên ném ra ngoại lệ">
      <![CDATA[java.lang.AssertionError: Chèn với mô hình hợp lệ không nên ném ra ngoại lệ
at TestNGDAO.TestNhanVienDAOTest.testInsertWithValidModel(TestNhanVienDAOTest.java:62)
at java.base/java.util.ArrayList.forEach(ArrayList.java:1596)
... Removed 26 stack frames]]>
    </failure>
  </testcase> <!-- testInsertWithValidModel -->
  <testcase classname="TestNGDAO.TestNhanVienDAOTest" name="testDeleteWithNullModel" time="0.024">
    <failure type="java.lang.AssertionError" message="Xóa với ID null nên ném ra ngoại lệ">
      <![CDATA[java.lang.AssertionError: Xóa với ID null nên ném ra ngoại lệ
at TestNGDAO.TestNhanVienDAOTest.testDeleteWithNullModel(TestNhanVienDAOTest.java:104)
at java.base/java.util.ArrayList.forEach(ArrayList.java:1596)
... Removed 26 stack frames]]>
    </failure>
  </testcase> <!-- testDeleteWithNullModel -->
  <testcase classname="TestNGDAO.TestNhanVienDAOTest" name="testInsertWithNullModel" time="0.03">
    <failure type="java.lang.AssertionError" message="Chèn với mô hình null không nên ném ra ngoại lệ">
      <![CDATA[java.lang.AssertionError: Chèn với mô hình null không nên ném ra ngoại lệ
at TestNGDAO.TestNhanVienDAOTest.testInsertWithNullModel(TestNhanVienDAOTest.java:34)
at java.base/java.util.ArrayList.forEach(ArrayList.java:1596)
... Removed 26 stack frames]]>
    </failure>
  </testcase> <!-- testInsertWithNullModel -->
  <testcase classname="TestNGDAO.TestNhanVienDAOTest" name="testDeleteWithEmptyModel" time="0.023">
    <failure type="java.lang.AssertionError" message="Xóa với ID trống nên ném ra ngoại lệ">
      <![CDATA[java.lang.AssertionError: Xóa với ID trống nên ném ra ngoại lệ
at TestNGDAO.TestNhanVienDAOTest.testDeleteWithEmptyModel(TestNhanVienDAOTest.java:113)
at java.base/java.util.ArrayList.forEach(ArrayList.java:1596)
... Removed 26 stack frames]]>
    </failure>
  </testcase> <!-- testDeleteWithEmptyModel -->
  <testcase classname="TestNGDAO.TestNhanVienDAOTest" name="testSelectAll" time="0.0">
    <ignored/>
  </testcase> <!-- testSelectAll -->
  <testcase classname="TestNGDAO.TestNhanVienDAOTest" name="testDeleteWithValidModel" time="0.0">
    <ignored/>
  </testcase> <!-- testDeleteWithValidModel -->
  <testcase classname="TestNGDAO.TestNhanVienDAOTest" name="testInsertWithEmptyModel" time="0.0">
    <ignored/>
  </testcase> <!-- testInsertWithEmptyModel -->
  <testcase classname="TestNGDAO.TestNhanVienDAOTest" name="testUpdateWithNullModel" time="0.0">
    <ignored/>
  </testcase> <!-- testUpdateWithNullModel -->
  <testcase classname="TestNGDAO.TestNhanVienDAOTest" name="testTimkiemByMaNVOrTenNV" time="0.0">
    <ignored/>
  </testcase> <!-- testTimkiemByMaNVOrTenNV -->
  <testcase classname="TestNGDAO.TestNhanVienDAOTest" name="testUpdateWithValidModel" time="0.0">
    <ignored/>
  </testcase> <!-- testUpdateWithValidModel -->
</testsuite> <!-- Default test(failed)(failed) -->
